<?xml version="1.0" encoding="UTF-8"?>
<!-- Generated by org.testng.reporters.JUnitReportReporter -->
<testsuite hostname="DESKTOP-VOOUHPU" failures="0" tests="1" name="Testcases.Confuencetest" time="25.416" errors="0" timestamp="4 Apr 2020 09:29:23 GMT" skipped="0">
  <testcase classname="Testcases.Confuencetest" name="Login" time="25.416"/>
</testsuite> <!-- Testcases.Confuencetest -->
